0 info it worked if it ends with ok
1 verbose cli [ '/usr/local/bin/node',
1 verbose cli   '/usr/local/bin/npm',
1 verbose cli   'install',
1 verbose cli   'ZeroClipboard',
1 verbose cli   '--save' ]
2 info using npm@1.4.28
3 info using node@v0.10.32
4 warn package.json karma-firefox-launcher@0.1.4 No README data
5 verbose readDependencies using package.json deps
6 verbose cache add [ 'ZeroClipboard', null ]
7 verbose cache add name=undefined spec="ZeroClipboard" args=["ZeroClipboard",null]
8 verbose parsed url { protocol: null,
8 verbose parsed url   slashes: null,
8 verbose parsed url   auth: null,
8 verbose parsed url   host: null,
8 verbose parsed url   port: null,
8 verbose parsed url   hostname: null,
8 verbose parsed url   hash: null,
8 verbose parsed url   search: null,
8 verbose parsed url   query: null,
8 verbose parsed url   pathname: 'ZeroClipboard',
8 verbose parsed url   path: 'ZeroClipboard',
8 verbose parsed url   href: 'ZeroClipboard' }
9 silly lockFile 90986f7d-ZeroClipboard ZeroClipboard
10 verbose lock ZeroClipboard /Users/cindy/.npm/90986f7d-ZeroClipboard.lock
11 silly lockFile 90986f7d-ZeroClipboard ZeroClipboard
12 silly lockFile 90986f7d-ZeroClipboard ZeroClipboard
13 verbose addNamed [ 'ZeroClipboard', '' ]
14 verbose addNamed [ null, '*' ]
15 silly lockFile 348abae1-ZeroClipboard ZeroClipboard@
16 verbose lock ZeroClipboard@ /Users/cindy/.npm/348abae1-ZeroClipboard.lock
17 silly addNameRange { name: 'ZeroClipboard', range: '*', hasData: false }
18 verbose request where is /ZeroClipboard
19 verbose request registry https://registry.npmjs.org/
20 verbose request id f9520cb52c74171b
21 verbose url raw /ZeroClipboard
22 verbose url resolving [ 'https://registry.npmjs.org/', './ZeroClipboard' ]
23 verbose url resolved https://registry.npmjs.org/ZeroClipboard
24 verbose request where is https://registry.npmjs.org/ZeroClipboard
25 info trying registry request attempt 1 at 15:10:06
26 http GET https://registry.npmjs.org/ZeroClipboard
27 http 404 https://registry.npmjs.org/ZeroClipboard
28 verbose headers { date: 'Sun, 22 Mar 2015 22:10:02 GMT',
28 verbose headers   server: 'CouchDB/1.5.0 (Erlang OTP/R16B03)',
28 verbose headers   'content-type': 'application/json',
28 verbose headers   'cache-control': 'max-age=0',
28 verbose headers   'content-length': '51',
28 verbose headers   'accept-ranges': 'bytes',
28 verbose headers   via: '1.1 varnish',
28 verbose headers   age: '0',
28 verbose headers   'x-served-by': 'cache-sjc3121-SJC',
28 verbose headers   'x-cache': 'MISS',
28 verbose headers   'x-cache-hits': '0',
28 verbose headers   'x-timer': 'S1427062202.054425,VS0,VE155',
28 verbose headers   'keep-alive': 'timeout=10, max=50',
28 verbose headers   connection: 'Keep-Alive' }
29 silly registry.get cb [ 404,
29 silly registry.get   { date: 'Sun, 22 Mar 2015 22:10:02 GMT',
29 silly registry.get     server: 'CouchDB/1.5.0 (Erlang OTP/R16B03)',
29 silly registry.get     'content-type': 'application/json',
29 silly registry.get     'cache-control': 'max-age=0',
29 silly registry.get     'content-length': '51',
29 silly registry.get     'accept-ranges': 'bytes',
29 silly registry.get     via: '1.1 varnish',
29 silly registry.get     age: '0',
29 silly registry.get     'x-served-by': 'cache-sjc3121-SJC',
29 silly registry.get     'x-cache': 'MISS',
29 silly registry.get     'x-cache-hits': '0',
29 silly registry.get     'x-timer': 'S1427062202.054425,VS0,VE155',
29 silly registry.get     'keep-alive': 'timeout=10, max=50',
29 silly registry.get     connection: 'Keep-Alive' } ]
30 silly lockFile 348abae1-ZeroClipboard ZeroClipboard@
31 silly lockFile 348abae1-ZeroClipboard ZeroClipboard@
32 error 404 404 Not Found: ZeroClipboard
32 error 404
32 error 404 'ZeroClipboard' is not in the npm registry.
32 error 404 You should bug the author to publish it
32 error 404 It was specified as a dependency of 'sunshine'
32 error 404
32 error 404 Note that you can also install from a
32 error 404 tarball, folder, or http url, or git url.
33 error System Darwin 14.1.0
34 error command "/usr/local/bin/node" "/usr/local/bin/npm" "install" "ZeroClipboard" "--save"
35 error cwd /Users/cindy/Sites/sunshine
36 error node -v v0.10.32
37 error npm -v 1.4.28
38 error code E404
39 verbose exit [ 1, true ]
